0 silly argv {
0 silly argv   _: [ 'bootstrap' ],
0 silly argv   lernaVersion: '4.0.0',
0 silly argv   '$0': '..\\..\\..\\AppData\\Roaming\\npm\\node_modules\\lerna\\cli.js'
0 silly argv }
1 notice cli v4.0.0
2 verbose rootPath C:\Users\iolat\Documents\Projects\mara
3 error JSONError: Unexpected token "," (0x2C) in JSON at position 360 while parsing near "...{\n    \"@mara/shared\",\n    \"@types/jquery..." in packages\web\package.json
3 error
3 error [0m [90m 12 |[39m   }[33m,[39m[0m
3 error [0m [90m 13 |[39m   [32m"dependencies"[39m[33m:[39m {[0m
3 error [0m[31m[1m>[22m[39m[90m 14 |[39m     [32m"@mara/shared"[39m[33m,[39m[0m
3 error [0m [90m    |[39m                   [31m[1m^[22m[39m[0m
3 error [0m [90m 15 |[39m     [32m"@types/jquery"[39m[33m:[39m [32m"^3.5.5"[39m[33m,[39m[0m
3 error [0m [90m 16 |[39m     [32m"@types/react-select"[39m[33m:[39m [32m"^4.0.17"[39m[33m,[39m[0m
3 error [0m [90m 17 |[39m     [32m"fetch-graphql-schema"[39m[33m:[39m [32m"^0.2.1"[39m[33m,[39m[0m
3 error
3 error     at parseJson (C:\Users\iolat\AppData\Roaming\npm\node_modules\lerna\node_modules\parse-json\index.js:29:21)
3 error     at parse (C:\Users\iolat\AppData\Roaming\npm\node_modules\lerna\node_modules\load-json-file\index.js:15:9)
3 error     at module.exports (C:\Users\iolat\AppData\Roaming\npm\node_modules\lerna\node_modules\load-json-file\index.js:18:47)
